<?xml version="1.0" encoding="UTF-8"?>
<!-- Generated by org.testng.reporters.JUnitReportReporter -->
<testsuite hostname="Mohan" failures="0" tests="1" name="com.goibibo.qa.testcases.Scenario4_SearchAHotelInOotyAndApplyFilter" time="35.956" errors="0" timestamp="2021-06-01T17:48:56 IST" skipped="0">
  <testcase classname="com.goibibo.qa.testcases.Scenario4_SearchAHotelInOotyAndApplyFilter" name="testCases" time="35.956"/>
  <system-out/>
</testsuite> <!-- com.goibibo.qa.testcases.Scenario4_SearchAHotelInOotyAndApplyFilter -->
