<?xml version="1.0" encoding="UTF-8"?>
<!-- Generated by org.testng.reporters.JUnitReportReporter -->
<testsuite hostname="Mohan" failures="0" tests="1" name="com.goibibo.qa.testcases.Scenario1_SearchAHotelForOneAdult" time="34.661" errors="0" timestamp="2021-06-01T19:24:59 IST" skipped="0">
  <testcase classname="com.goibibo.qa.testcases.Scenario1_SearchAHotelForOneAdult" name="testCases" time="34.661"/>
  <system-out/>
</testsuite> <!-- com.goibibo.qa.testcases.Scenario1_SearchAHotelForOneAdult -->
